<?xml version="1.0" encoding="UTF-8"?>
<!-- Generated by org.testng.reporters.JUnitXMLReporter -->
<testsuite ignored="0" hostname="SKL-ALEKS-PAVLE" failures="0" tests="3" name="Reports Test" time="0.079" errors="0" timestamp="2022-07-20T19:14:58 CEST">
  <testcase classname="reports.ReportClass" name="reporterTestOne" time="0.016"/>
  <testcase classname="reports.ReportClass" name="reporterTestThree" time="0.003"/>
  <testcase classname="reports.ReportClass" name="reporterTestTwo" time="0.002"/>
</testsuite> <!-- Reports Test -->
