<?xml version="1.0" encoding="UTF-8"?>
<testng-results ignored="1" total="2" passed="1" failed="0" skipped="0">
  <reporter-output>
    <line>
      <![CDATA[The name of the method is createLicense]]>
    </line>
    <line>
      <![CDATA[Status of execution 1]]>
    </line>
  </reporter-output>
  <suite started-at="2022-07-28T11:38:53 CEST" name="actions" finished-at="2022-07-28T11:39:13 CEST" duration-ms="19455">
    <groups>
    </groups>
    <test started-at="2022-07-28T11:38:53 CEST" name="Test" finished-at="2022-07-28T11:39:13 CEST" duration-ms="19455">
      <class name="actions.CreateLicence">
        <test-method is-config="true" signature="openWebsite()[pri:0, instance:actions.CreateLicence@591e58fa]" started-at="2022-07-28T11:38:53 CEST" name="openWebsite" finished-at="2022-07-28T11:38:58 CEST" duration-ms="4709" status="PASS">
          <reporter-output>
          </reporter-output>
        </test-method> <!-- openWebsite -->
        <test-method signature="createLicense(java.lang.String,java.lang.String)[pri:0, instance:actions.CreateLicence@591e58fa]" started-at="2022-07-28T11:38:58 CEST" name="createLicense" data-provider="dataProviders" finished-at="2022-07-28T11:39:09 CEST" duration-ms="10574" status="PASS">
          <params>
            <param index="0">
              <value>
                <![CDATA[Licenses]]>
              </value>
            </param>
            <param index="1">
              <value>
                <![CDATA[Salesforce License]]>
              </value>
            </param>
          </params>
          <reporter-output>
            <line>
              <![CDATA[The name of the method is createLicense]]>
            </line>
            <line>
              <![CDATA[Status of execution 1]]>
            </line>
          </reporter-output>
        </test-method> <!-- createLicense -->
        <test-method is-config="true" signature="closeWebsite()[pri:0, instance:actions.CreateLicence@591e58fa]" started-at="2022-07-28T11:39:09 CEST" name="closeWebsite" finished-at="2022-07-28T11:39:13 CEST" duration-ms="4152" status="PASS">
          <reporter-output>
          </reporter-output>
        </test-method> <!-- closeWebsite -->
      </class> <!-- actions.CreateLicence -->
    </test> <!-- Test -->
  </suite> <!-- actions -->
</testng-results>
